<?xml version="1.0" encoding="UTF-8" ?>
<testsuite tests="2" failures="1" name="auction.service.SellerMgrTest" time="0.047" errors="0" skipped="0">
  <properties>
[...]
</properties>
  <testcase classname="auction.service.SellerMgrTest" name="testOfferItem" time="0"/>
  <testcase classname="auction.service.SellerMgrTest" name="testRevokeItem" time="0.042">
    <failure message="expected:&lt;0&gt; but was:&lt;5&gt;" type="java.lang.AssertionError">java.lang.AssertionError: expected:&lt;0&gt; but was:&lt;5&gt;
	at org.junit.Assert.fail(Assert.java:88)
	at org.junit.Assert.failNotEquals(Assert.java:743)
	at org.junit.Assert.assertEquals(Assert.java:118)
	at org.junit.Assert.assertEquals(Assert.java:555)
	at org.junit.Assert.assertEquals(Assert.java:542)
	at auction.service.SellerMgrTest.testRevokeItem(SellerMgrTest.java:61)
	at sun.reflect.NativeMethodAccessorImpl.invoke0(Native Method)
	at sun.reflect.NativeMethodAccessorImpl.invoke(NativeMethodAccessorImpl.java:62)
	at sun.reflect.DelegatingMethodAccessorImpl.invoke(DelegatingMethodAccessorImpl.java:43)
	at java.lang.reflect.Method.invoke(Method.java:497)
	at org.junit.runners.model.FrameworkMethod$1.runReflectiveCall(FrameworkMethod.java:47)
	at org.junit.internal.runners.model.ReflectiveCallable.run(ReflectiveCallable.java:12)
	at org.junit.runners.model.FrameworkMethod.invokeExplosively(FrameworkMethod.java:44)
	at org.junit.internal.runners.statements.InvokeMethod.evaluate(InvokeMethod.java:17)
	at org.junit.internal.runners.statements.RunBefores.evaluate(RunBefores.java:26)
	at org.junit.runners.ParentRunner.runLeaf(ParentRunner.java:271)
	at org.junit.runners.BlockJUnit4ClassRunner.runChild(BlockJUnit4ClassRunner.java:70)
	at org.junit.runners.BlockJUnit4ClassRunner.runChild(BlockJUnit4ClassRunner.java:50)
	at org.junit.runners.ParentRunner$3.run(ParentRunner.java:238)
	at org.junit.runners.ParentRunner$1.schedule(ParentRunner.java:63)
	at org.junit.runners.ParentRunner.runChildren(ParentRunner.java:236)
	at org.junit.runners.ParentRunner.access$000(ParentRunner.java:53)
	at org.junit.runners.ParentRunner$2.evaluate(ParentRunner.java:229)
	at org.junit.runners.ParentRunner.run(ParentRunner.java:309)
	at org.apache.maven.surefire.junit4.JUnit4TestSet.execute(JUnit4TestSet.java:53)
	at org.apache.maven.surefire.junit4.JUnit4Provider.executeTestSet(JUnit4Provider.java:123)
	at org.apache.maven.surefire.junit4.JUnit4Provider.invoke(JUnit4Provider.java:104)
	at sun.reflect.NativeMethodAccessorImpl.invoke0(Native Method)
	at sun.reflect.NativeMethodAccessorImpl.invoke(NativeMethodAccessorImpl.java:62)
	at sun.reflect.DelegatingMethodAccessorImpl.invoke(DelegatingMethodAccessorImpl.java:43)
	at java.lang.reflect.Method.invoke(Method.java:497)
	at org.apache.maven.surefire.util.ReflectionUtils.invokeMethodWithArray(ReflectionUtils.java:164)
	at org.apache.maven.surefire.booter.ProviderFactory$ProviderProxy.invoke(ProviderFactory.java:110)
	at org.apache.maven.surefire.booter.SurefireStarter.invokeProvider(SurefireStarter.java:175)
	at org.apache.maven.surefire.booter.SurefireStarter.runSuitesInProcessWhenForked(SurefireStarter.java:107)
	at org.apache.maven.surefire.booter.ForkedBooter.main(ForkedBooter.java:68)
</failure>
    <system-out>[EL Fine]: sql: 2015-12-08 16:29:07.753--ServerSession(1863932867)--Connection(1488298739)--Thread(Thread[main,5,main])--SELECT ID, EMAIL FROM Gebruiker WHERE (EMAIL = ?)
	bind =&gt; [sel@nl]
[EL Fine]: sql: 2015-12-08 16:29:07.755--ClientSession(789640755)--Connection(1488298739)--Thread(Thread[main,5,main])--INSERT INTO Gebruiker (EMAIL) VALUES (?)
	bind =&gt; [sel@nl]
[EL Fine]: sql: 2015-12-08 16:29:07.757--ClientSession(789640755)--Connection(1488298739)--Thread(Thread[main,5,main])--values IDENTITY_VAL_LOCAL()
[EL Fine]: sql: 2015-12-08 16:29:07.758--ServerSession(1863932867)--Connection(1488298739)--Thread(Thread[main,5,main])--SELECT ID, EMAIL FROM Gebruiker WHERE (EMAIL = ?)
	bind =&gt; [buy@nl]
[EL Fine]: sql: 2015-12-08 16:29:07.76--ClientSession(1410791643)--Connection(1488298739)--Thread(Thread[main,5,main])--INSERT INTO Gebruiker (EMAIL) VALUES (?)
	bind =&gt; [buy@nl]
[EL Fine]: sql: 2015-12-08 16:29:07.761--ClientSession(1410791643)--Connection(1488298739)--Thread(Thread[main,5,main])--values IDENTITY_VAL_LOCAL()
[EL Fine]: sql: 2015-12-08 16:29:07.765--ServerSession(1863932867)--Connection(1488298739)--Thread(Thread[main,5,main])--SELECT ID FROM Gebruiker WHERE (ID = ?)
	bind =&gt; [11]
[EL Fine]: sql: 2015-12-08 16:29:07.766--ClientSession(2039328061)--Connection(1488298739)--Thread(Thread[main,5,main])--INSERT INTO AuctionItem (DESCRIPTION, c_description, SELLER_ID, HIGHEST_ID) VALUES (?, ?, ?, ?)
	bind =&gt; [omsch, cat1, 11, null]
[EL Fine]: sql: 2015-12-08 16:29:07.768--ClientSession(2039328061)--Connection(1488298739)--Thread(Thread[main,5,main])--values IDENTITY_VAL_LOCAL()
[EL Fine]: sql: 2015-12-08 16:29:07.769--ServerSession(1863932867)--Connection(1488298739)--Thread(Thread[main,5,main])--SELECT ID, DESCRIPTION, c_description, SELLER_ID, HIGHEST_ID FROM AuctionItem WHERE (ID = ?)
	bind =&gt; [6]
[EL Fine]: sql: 2015-12-08 16:29:07.772--ServerSession(1863932867)--Connection(1488298739)--Thread(Thread[main,5,main])--SELECT ID, EMAIL FROM Gebruiker WHERE (ID = ?)
	bind =&gt; [11]
[EL Fine]: sql: 2015-12-08 16:29:07.777--ServerSession(1863932867)--Connection(1488298739)--Thread(Thread[main,5,main])--SELECT ID, DESCRIPTION, c_description, SELLER_ID, HIGHEST_ID FROM AuctionItem WHERE (DESCRIPTION = ?)
	bind =&gt; [omsch]
[EL Fine]: sql: 2015-12-08 16:29:07.78--ServerSession(1863932867)--Connection(1488298739)--Thread(Thread[main,5,main])--SELECT ID, EMAIL FROM Gebruiker WHERE (ID = ?)
	bind =&gt; [4]
[EL Fine]: sql: 2015-12-08 16:29:07.782--ServerSession(1863932867)--Connection(1488298739)--Thread(Thread[main,5,main])--SELECT ID, EMAIL FROM Gebruiker WHERE (ID = ?)
	bind =&gt; [5]
[EL Fine]: sql: 2015-12-08 16:29:07.783--ServerSession(1863932867)--Connection(1488298739)--Thread(Thread[main,5,main])--SELECT ID, EMAIL FROM Gebruiker WHERE (ID = ?)
	bind =&gt; [6]
[EL Fine]: sql: 2015-12-08 16:29:07.785--ServerSession(1863932867)--Connection(1488298739)--Thread(Thread[main,5,main])--SELECT ID, EMAIL FROM Gebruiker WHERE (ID = ?)
	bind =&gt; [10]
[EL Fine]: sql: 2015-12-08 16:29:07.787--ServerSession(1863932867)--Connection(1488298739)--Thread(Thread[main,5,main])--SELECT ID, EMAIL FROM Gebruiker WHERE (ID = ?)
	bind =&gt; [11]
</system-out>
  </testcase>
</testsuite>