<?xml version="1.0" encoding="UTF-8" ?>
<testsuite tests="3" failures="1" name="auction.service.JPARegistrationMgrTest" time="0.064" errors="0" skipped="0">
  <properties>
[...]
</properties>
  <testcase classname="auction.service.JPARegistrationMgrTest" name="registerUser" time="0.005"/>
  <testcase classname="auction.service.JPARegistrationMgrTest" name="getUser" time="0.015"/>
  <testcase classname="auction.service.JPARegistrationMgrTest" name="getUsers" time="0.03">
    <failure message="expected:&lt;0&gt; but was:&lt;9&gt;" type="java.lang.AssertionError">java.lang.AssertionError: expected:&lt;0&gt; but was:&lt;9&gt;
	at org.junit.Assert.fail(Assert.java:88)
	at org.junit.Assert.failNotEquals(Assert.java:743)
	at org.junit.Assert.assertEquals(Assert.java:118)
	at org.junit.Assert.assertEquals(Assert.java:555)
	at org.junit.Assert.assertEquals(Assert.java:542)
	at auction.service.JPARegistrationMgrTest.getUsers(JPARegistrationMgrTest.java:55)
	at sun.reflect.NativeMethodAccessorImpl.invoke0(Native Method)
	at sun.reflect.NativeMethodAccessorImpl.invoke(NativeMethodAccessorImpl.java:62)
	at sun.reflect.DelegatingMethodAccessorImpl.invoke(DelegatingMethodAccessorImpl.java:43)
	at java.lang.reflect.Method.invoke(Method.java:497)
	at org.junit.runners.model.FrameworkMethod$1.runReflectiveCall(FrameworkMethod.java:47)
	at org.junit.internal.runners.model.ReflectiveCallable.run(ReflectiveCallable.java:12)
	at org.junit.runners.model.FrameworkMethod.invokeExplosively(FrameworkMethod.java:44)
	at org.junit.internal.runners.statements.InvokeMethod.evaluate(InvokeMethod.java:17)
	at org.junit.internal.runners.statements.RunBefores.evaluate(RunBefores.java:26)
	at org.junit.runners.ParentRunner.runLeaf(ParentRunner.java:271)
	at org.junit.runners.BlockJUnit4ClassRunner.runChild(BlockJUnit4ClassRunner.java:70)
	at org.junit.runners.BlockJUnit4ClassRunner.runChild(BlockJUnit4ClassRunner.java:50)
	at org.junit.runners.ParentRunner$3.run(ParentRunner.java:238)
	at org.junit.runners.ParentRunner$1.schedule(ParentRunner.java:63)
	at org.junit.runners.ParentRunner.runChildren(ParentRunner.java:236)
	at org.junit.runners.ParentRunner.access$000(ParentRunner.java:53)
	at org.junit.runners.ParentRunner$2.evaluate(ParentRunner.java:229)
	at org.junit.runners.ParentRunner.run(ParentRunner.java:309)
	at org.apache.maven.surefire.junit4.JUnit4TestSet.execute(JUnit4TestSet.java:53)
	at org.apache.maven.surefire.junit4.JUnit4Provider.executeTestSet(JUnit4Provider.java:123)
	at org.apache.maven.surefire.junit4.JUnit4Provider.invoke(JUnit4Provider.java:104)
	at sun.reflect.NativeMethodAccessorImpl.invoke0(Native Method)
	at sun.reflect.NativeMethodAccessorImpl.invoke(NativeMethodAccessorImpl.java:62)
	at sun.reflect.DelegatingMethodAccessorImpl.invoke(DelegatingMethodAccessorImpl.java:43)
	at java.lang.reflect.Method.invoke(Method.java:497)
	at org.apache.maven.surefire.util.ReflectionUtils.invokeMethodWithArray(ReflectionUtils.java:164)
	at org.apache.maven.surefire.booter.ProviderFactory$ProviderProxy.invoke(ProviderFactory.java:110)
	at org.apache.maven.surefire.booter.SurefireStarter.invokeProvider(SurefireStarter.java:175)
	at org.apache.maven.surefire.booter.SurefireStarter.runSuitesInProcessWhenForked(SurefireStarter.java:107)
	at org.apache.maven.surefire.booter.ForkedBooter.main(ForkedBooter.java:68)
</failure>
    <system-out>[EL Fine]: sql: 2015-12-08 16:29:07.655--ClientSession(1409848452)--Connection(1725825266)--Thread(Thread[main,5,main])--DELETE FROM Gebruiker
[EL Fine]: sql: 2015-12-08 16:29:07.657--ClientSession(1409848452)--Thread(Thread[main,5,main])--VALUES(1)
[EL Warning]: 2015-12-08 16:29:07.658--UnitOfWork(2084041029)--Thread(Thread[main,5,main])--Exception [EclipseLink-4002] (Eclipse Persistence Services - 2.5.2.v20140319-9ad6abd): org.eclipse.persistence.exceptions.DatabaseException
Internal Exception: org.apache.derby.shared.common.error.DerbySQLIntegrityConstraintViolationException: DELETE on table &apos;GEBRUIKER&apos; caused a violation of foreign key constraint &apos;UCTIONITEMSELLERID&apos; for key (1).  The statement has been rolled back.
Error Code: 20000
Call: DELETE FROM Gebruiker
Query: DeleteAllQuery(referenceClass=User sql=&quot;DELETE FROM Gebruiker&quot;)
Exception [EclipseLink-4002] (Eclipse Persistence Services - 2.5.2.v20140319-9ad6abd): org.eclipse.persistence.exceptions.DatabaseException
Internal Exception: org.apache.derby.shared.common.error.DerbySQLIntegrityConstraintViolationException: DELETE on table &apos;GEBRUIKER&apos; caused a violation of foreign key constraint &apos;UCTIONITEMSELLERID&apos; for key (1).  The statement has been rolled back.
Error Code: 20000
Call: DELETE FROM Gebruiker
Query: DeleteAllQuery(referenceClass=User sql=&quot;DELETE FROM Gebruiker&quot;)
[EL Config]: connection: 2015-12-08 16:29:07.675--ServerSession(1863932867)--Connection(2050715938)--Thread(Thread[main,5,main])--connecting(DatabaseLogin(
	platform=&gt;JavaDBPlatform
	user name=&gt; &quot;app&quot;
	datasource URL=&gt; &quot;jdbc:derby://localhost:1527/sample&quot;
))
[EL Config]: connection: 2015-12-08 16:29:07.678--ServerSession(1863932867)--Connection(1488298739)--Thread(Thread[main,5,main])--Connected: jdbc:derby://localhost:1527/sample
	User: app
	Database: Apache Derby  Version: 10.11.1.2 - (1629631)
	Driver: Apache Derby Network Client JDBC Driver  Version: 10.12.1.1 - (1704137)
[EL Fine]: sql: 2015-12-08 16:29:07.678--ServerSession(1863932867)--Connection(1488298739)--Thread(Thread[main,5,main])--SELECT ID, EMAIL FROM Gebruiker
</system-out>
  </testcase>
</testsuite>