<?xml version="1.0" encoding="UTF-8" ?>
<testsuite tests="3" failures="1" name="auction.service.AuctionMgrTest" time="1.897" errors="0" skipped="0">
  <properties>
[...]
</properties>
  <testcase classname="auction.service.AuctionMgrTest" name="newBid" time="0.095"/>
  <testcase classname="auction.service.AuctionMgrTest" name="getItem" time="0.029"/>
  <testcase classname="auction.service.AuctionMgrTest" name="findItemByDescription" time="0.033">
    <failure message="expected:&lt;2&gt; but was:&lt;3&gt;" type="java.lang.AssertionError">java.lang.AssertionError: expected:&lt;2&gt; but was:&lt;3&gt;
	at org.junit.Assert.fail(Assert.java:88)
	at org.junit.Assert.failNotEquals(Assert.java:743)
	at org.junit.Assert.assertEquals(Assert.java:118)
	at org.junit.Assert.assertEquals(Assert.java:555)
	at org.junit.Assert.assertEquals(Assert.java:542)
	at auction.service.AuctionMgrTest.findItemByDescription(AuctionMgrTest.java:76)
	at sun.reflect.NativeMethodAccessorImpl.invoke0(Native Method)
	at sun.reflect.NativeMethodAccessorImpl.invoke(NativeMethodAccessorImpl.java:62)
	at sun.reflect.DelegatingMethodAccessorImpl.invoke(DelegatingMethodAccessorImpl.java:43)
	at java.lang.reflect.Method.invoke(Method.java:497)
	at org.junit.runners.model.FrameworkMethod$1.runReflectiveCall(FrameworkMethod.java:47)
	at org.junit.internal.runners.model.ReflectiveCallable.run(ReflectiveCallable.java:12)
	at org.junit.runners.model.FrameworkMethod.invokeExplosively(FrameworkMethod.java:44)
	at org.junit.internal.runners.statements.InvokeMethod.evaluate(InvokeMethod.java:17)
	at org.junit.internal.runners.statements.RunBefores.evaluate(RunBefores.java:26)
	at org.junit.runners.ParentRunner.runLeaf(ParentRunner.java:271)
	at org.junit.runners.BlockJUnit4ClassRunner.runChild(BlockJUnit4ClassRunner.java:70)
	at org.junit.runners.BlockJUnit4ClassRunner.runChild(BlockJUnit4ClassRunner.java:50)
	at org.junit.runners.ParentRunner$3.run(ParentRunner.java:238)
	at org.junit.runners.ParentRunner$1.schedule(ParentRunner.java:63)
	at org.junit.runners.ParentRunner.runChildren(ParentRunner.java:236)
	at org.junit.runners.ParentRunner.access$000(ParentRunner.java:53)
	at org.junit.runners.ParentRunner$2.evaluate(ParentRunner.java:229)
	at org.junit.runners.ParentRunner.run(ParentRunner.java:309)
	at org.apache.maven.surefire.junit4.JUnit4TestSet.execute(JUnit4TestSet.java:53)
	at org.apache.maven.surefire.junit4.JUnit4Provider.executeTestSet(JUnit4Provider.java:123)
	at org.apache.maven.surefire.junit4.JUnit4Provider.invoke(JUnit4Provider.java:104)
	at sun.reflect.NativeMethodAccessorImpl.invoke0(Native Method)
	at sun.reflect.NativeMethodAccessorImpl.invoke(NativeMethodAccessorImpl.java:62)
	at sun.reflect.DelegatingMethodAccessorImpl.invoke(DelegatingMethodAccessorImpl.java:43)
	at java.lang.reflect.Method.invoke(Method.java:497)
	at org.apache.maven.surefire.util.ReflectionUtils.invokeMethodWithArray(ReflectionUtils.java:164)
	at org.apache.maven.surefire.booter.ProviderFactory$ProviderProxy.invoke(ProviderFactory.java:110)
	at org.apache.maven.surefire.booter.SurefireStarter.invokeProvider(SurefireStarter.java:175)
	at org.apache.maven.surefire.booter.SurefireStarter.runSuitesInProcessWhenForked(SurefireStarter.java:107)
	at org.apache.maven.surefire.booter.ForkedBooter.main(ForkedBooter.java:68)
</failure>
    <system-out>[EL Fine]: sql: 2015-12-08 21:38:48.164--ClientSession(1942211849)--Connection(1051927339)--Thread(Thread[main,5,main])--DELETE FROM Gebruiker
[EL Fine]: sql: 2015-12-08 21:38:48.166--ClientSession(1942211849)--Thread(Thread[main,5,main])--VALUES(1)
[EL Warning]: 2015-12-08 21:38:48.167--UnitOfWork(1043773344)--Thread(Thread[main,5,main])--Exception [EclipseLink-4002] (Eclipse Persistence Services - 2.5.2.v20140319-9ad6abd): org.eclipse.persistence.exceptions.DatabaseException
Internal Exception: org.apache.derby.shared.common.error.DerbySQLIntegrityConstraintViolationException: DELETE on table &apos;GEBRUIKER&apos; caused a violation of foreign key constraint &apos;UCTIONITEMSELLERID&apos; for key (1).  The statement has been rolled back.
Error Code: 20000
Call: DELETE FROM Gebruiker
Query: DeleteAllQuery(referenceClass=User sql=&quot;DELETE FROM Gebruiker&quot;)
Exception [EclipseLink-4002] (Eclipse Persistence Services - 2.5.2.v20140319-9ad6abd): org.eclipse.persistence.exceptions.DatabaseException
Internal Exception: org.apache.derby.shared.common.error.DerbySQLIntegrityConstraintViolationException: DELETE on table &apos;GEBRUIKER&apos; caused a violation of foreign key constraint &apos;UCTIONITEMSELLERID&apos; for key (1).  The statement has been rolled back.
Error Code: 20000
Call: DELETE FROM Gebruiker
Query: DeleteAllQuery(referenceClass=User sql=&quot;DELETE FROM Gebruiker&quot;)
[EL Config]: connection: 2015-12-08 21:38:48.174--ServerSession(1297149880)--Connection(937860163)--Thread(Thread[main,5,main])--connecting(DatabaseLogin(
	platform=&gt;JavaDBPlatform
	user name=&gt; &quot;app&quot;
	datasource URL=&gt; &quot;jdbc:derby://localhost:1527/sample&quot;
))
[EL Config]: connection: 2015-12-08 21:38:48.176--ServerSession(1297149880)--Connection(1551760389)--Thread(Thread[main,5,main])--Connected: jdbc:derby://localhost:1527/sample
	User: app
	Database: Apache Derby  Version: 10.11.1.2 - (1629631)
	Driver: Apache Derby Network Client JDBC Driver  Version: 10.12.1.1 - (1704137)
[EL Fine]: sql: 2015-12-08 21:38:48.176--ServerSession(1297149880)--Connection(1551760389)--Thread(Thread[main,5,main])--SELECT ID, EMAIL FROM Gebruiker WHERE (EMAIL = ?)
	bind =&gt; [xx3@nl]
[EL Fine]: sql: 2015-12-08 21:38:48.177--ClientSession(1368251707)--Connection(1551760389)--Thread(Thread[main,5,main])--INSERT INTO Gebruiker (EMAIL) VALUES (?)
	bind =&gt; [xx3@nl]
[EL Fine]: sql: 2015-12-08 21:38:48.178--ClientSession(1368251707)--Connection(1551760389)--Thread(Thread[main,5,main])--values IDENTITY_VAL_LOCAL()
[EL Fine]: sql: 2015-12-08 21:38:48.179--ServerSession(1297149880)--Connection(1551760389)--Thread(Thread[main,5,main])--SELECT ID, EMAIL FROM Gebruiker WHERE (EMAIL = ?)
	bind =&gt; [xx4@nl]
[EL Fine]: sql: 2015-12-08 21:38:48.18--ClientSession(1232819726)--Connection(1551760389)--Thread(Thread[main,5,main])--INSERT INTO Gebruiker (EMAIL) VALUES (?)
	bind =&gt; [xx4@nl]
[EL Fine]: sql: 2015-12-08 21:38:48.18--ClientSession(1232819726)--Connection(1551760389)--Thread(Thread[main,5,main])--values IDENTITY_VAL_LOCAL()
[EL Fine]: sql: 2015-12-08 21:38:48.181--ServerSession(1297149880)--Connection(1551760389)--Thread(Thread[main,5,main])--SELECT ID FROM Gebruiker WHERE (ID = ?)
	bind =&gt; [5]
[EL Fine]: sql: 2015-12-08 21:38:48.182--ClientSession(1896000574)--Connection(1551760389)--Thread(Thread[main,5,main])--INSERT INTO AuctionItem (DESCRIPTION, c_description, SELLER_ID, HIGHEST_ID) VALUES (?, ?, ?, ?)
	bind =&gt; [omsch, cat3, 5, null]
[EL Fine]: sql: 2015-12-08 21:38:48.183--ClientSession(1896000574)--Connection(1551760389)--Thread(Thread[main,5,main])--values IDENTITY_VAL_LOCAL()
[EL Fine]: sql: 2015-12-08 21:38:48.184--ServerSession(1297149880)--Connection(1551760389)--Thread(Thread[main,5,main])--SELECT ID FROM Gebruiker WHERE (ID = ?)
	bind =&gt; [6]
[EL Fine]: sql: 2015-12-08 21:38:48.185--ClientSession(2077845538)--Connection(1551760389)--Thread(Thread[main,5,main])--INSERT INTO AuctionItem (DESCRIPTION, c_description, SELLER_ID, HIGHEST_ID) VALUES (?, ?, ?, ?)
	bind =&gt; [omsch, cat3, 6, null]
[EL Fine]: sql: 2015-12-08 21:38:48.186--ClientSession(2077845538)--Connection(1551760389)--Thread(Thread[main,5,main])--values IDENTITY_VAL_LOCAL()
[EL Fine]: sql: 2015-12-08 21:38:48.187--ServerSession(1297149880)--Connection(1551760389)--Thread(Thread[main,5,main])--SELECT ID, DESCRIPTION, c_description, SELLER_ID, HIGHEST_ID FROM AuctionItem WHERE (DESCRIPTION = ?)
	bind =&gt; [omsch2]
[EL Fine]: sql: 2015-12-08 21:38:48.19--ServerSession(1297149880)--Connection(1551760389)--Thread(Thread[main,5,main])--SELECT ID, DESCRIPTION, c_description, SELLER_ID, HIGHEST_ID FROM AuctionItem WHERE (DESCRIPTION = ?)
	bind =&gt; [omsch]
[EL Fine]: sql: 2015-12-08 21:38:48.191--ServerSession(1297149880)--Connection(1551760389)--Thread(Thread[main,5,main])--SELECT ID, EMAIL FROM Gebruiker WHERE (ID = ?)
	bind =&gt; [4]
[EL Fine]: sql: 2015-12-08 21:38:48.192--ServerSession(1297149880)--Connection(1551760389)--Thread(Thread[main,5,main])--SELECT ID, EMAIL FROM Gebruiker WHERE (ID = ?)
	bind =&gt; [5]
[EL Fine]: sql: 2015-12-08 21:38:48.193--ServerSession(1297149880)--Connection(1551760389)--Thread(Thread[main,5,main])--SELECT ID, EMAIL FROM Gebruiker WHERE (ID = ?)
	bind =&gt; [6]
</system-out>
  </testcase>
</testsuite>