<?xml version="1.0" encoding="UTF-8" ?>
<testsuite errors="0" failures="0" hostname="Thijn" name="WoordenApplicatieTestSuite" skipped="0" tests="4" time="0.065" timestamp="2015-09-15T09:59:29">
  <properties>
[...]
</properties>
  <testcase classname="WoordenApplicatieTestSuite" name="testCountWords" time="0.006" />
  <testcase classname="WoordenApplicatieTestSuite" name="testFrequency" time="0.002" />
  <testcase classname="WoordenApplicatieTestSuite" name="testConcordance" time="0.001" />
  <testcase classname="WoordenApplicatieTestSuite" name="testOrderRevAlphabet" time="0.001" />
  <system-out><![CDATA[hoedje:             1
papier:             1
twee:               2
drie:               2
vier:               2
Hoedje:             2
Een:                2
van:                3

hoedje:             1
papier:             1
twee:               2
drie:               2
vier:               2
Hoedje:             2
Een:                2
van:                3

van:                [2, 2, 4]
hoedje:             [2]
twee:               [1, 3]
drie:               [1, 3]
vier:               [1, 3]
Hoedje:             [2, 4]
papier:             [4]
Een:                [1, 3]

van:                [2, 2, 4]
hoedje:             [2]
twee:               [1, 3]
drie:               [1, 3]
vier:               [1, 3]
Hoedje:             [2, 4]
papier:             [4]
Een:                [1, 3]

]]></system-out>
  <system-err><![CDATA[]]></system-err>
</testsuite>
